


ARM Macro Assembler    Page 1 


    1 00000000                 AREA             RESET ,DATA,READONLY
    2 00000000                 EXPORT           __Vectors
    3 00000000         __Vectors
    4 00000000 10000000        DCD              0x10000000
    5 00000004 00000000        DCD              Reset_Handler
    6 00000008                 ALIGN
    7 00000008                 AREA             mycode, CODE ,READONLY
    8 00000000                 ENTRY
    9 00000000                 EXPORT           Reset_Handler
   10 00000000         Reset_Handler
   11 00000000 4806            LDR              R0,=num1
   12 00000002 6801            LDR              R1,[R0]
   13 00000004 4806            LDR              R0,=num2
   14 00000006 6802            LDR              R2,[R0]
   15 00000008 4C06            LDR              R4,=result
   16 0000000A EBA2 0301       SUB              R3,R2,R1
   17 0000000E 6023            STR              R3,[R4]
   18 00000010 E7FE    STOP    B                STOP
   19 00000012 00 00 00000001 
                       num1    DCD              0x00000001
   20 00000018 00000002 
                       num2    DCD              0x00000002
   21 0000001C 00000000 
              00000000 
              00000000         AREA             data, DATA ,READWRITE
   22 00000000 00000000 
                       result  DCD              0
                       
Command Line: --debug --xref --cpu=Cortex-M3 --apcs=interwork --depend=.\object
s\subtracttwo32bitnumbers.d -o.\objects\subtracttwo32bitnumbers.o -IE:\Keil\ARM
\RV31\INC -IE:\Keil\ARM\CMSIS\Include -IE:\Keil\ARM\Inc\NXP\LPC17xx --predefine
="__RTX SETA 1" --predefine="__EVAL SETA 1" --list=.\listings\subtracttwo32bitn
umbers.lst ..\..\Assembly\subtracttwo32bitnumbers.s



ARM Macro Assembler    Page 1 Alphabetic symbol ordering
Relocatable symbols

RESET 00000000

Symbol: RESET
   Definitions
      At line 1 in file ..\..\Assembly\subtracttwo32bitnumbers.s
   Uses
      None
Comment: RESET unused
__Vectors 00000000

Symbol: __Vectors
   Definitions
      At line 3 in file ..\..\Assembly\subtracttwo32bitnumbers.s
   Uses
      At line 2 in file ..\..\Assembly\subtracttwo32bitnumbers.s
Comment: __Vectors used once
2 symbols



ARM Macro Assembler    Page 1 Alphabetic symbol ordering
Relocatable symbols

Reset_Handler 00000000

Symbol: Reset_Handler
   Definitions
      At line 10 in file ..\..\Assembly\subtracttwo32bitnumbers.s
   Uses
      At line 5 in file ..\..\Assembly\subtracttwo32bitnumbers.s
      At line 9 in file ..\..\Assembly\subtracttwo32bitnumbers.s

STOP 00000010

Symbol: STOP
   Definitions
      At line 18 in file ..\..\Assembly\subtracttwo32bitnumbers.s
   Uses
      At line 18 in file ..\..\Assembly\subtracttwo32bitnumbers.s
Comment: STOP used once
mycode 00000000

Symbol: mycode
   Definitions
      At line 7 in file ..\..\Assembly\subtracttwo32bitnumbers.s
   Uses
      None
Comment: mycode unused
num1 00000014

Symbol: num1
   Definitions
      At line 19 in file ..\..\Assembly\subtracttwo32bitnumbers.s
   Uses
      At line 11 in file ..\..\Assembly\subtracttwo32bitnumbers.s
Comment: num1 used once
num2 00000018

Symbol: num2
   Definitions
      At line 20 in file ..\..\Assembly\subtracttwo32bitnumbers.s
   Uses
      At line 13 in file ..\..\Assembly\subtracttwo32bitnumbers.s
Comment: num2 used once
5 symbols



ARM Macro Assembler    Page 1 Alphabetic symbol ordering
Relocatable symbols

data 00000000

Symbol: data
   Definitions
      At line 21 in file ..\..\Assembly\subtracttwo32bitnumbers.s
   Uses
      None
Comment: data unused
result 00000000

Symbol: result
   Definitions
      At line 22 in file ..\..\Assembly\subtracttwo32bitnumbers.s
   Uses
      At line 15 in file ..\..\Assembly\subtracttwo32bitnumbers.s
Comment: result used once
2 symbols
343 symbols in table
