


ARM Macro Assembler    Page 1 


    1 00000000                 AREA             RESET,DATA,READONLY
    2 00000000                 EXPORT           __Vectors
    3 00000000         __Vectors
    4 00000000 10001000        DCD              0x10001000
    5 00000004 00000000        DCD              Reset_Handler
    6 00000008                 ALIGN
    7 00000008                 AREA             mycode,CODE,READONLY
    8 00000000                 ENTRY
    9 00000000                 EXPORT           Reset_Handler
   10 00000000         Reset_Handler
   11 00000000 480A            LDR              R0,=num
   12 00000002 490B            LDR              R1,=num1
   13 00000004 F04F 0200       MOV              R2,#0       ;
   14 00000008 F04F 0300       MOV              R3,#0       ;
   15 0000000C 6804            LDR              R4,[R0]
   16 0000000E 4422            ADD              R2,R4
   17 00000010 F143 0300       ADC              R3,#0
   18 00000014 F1A5 0501       SUB              R5,#1
   19 00000018 F095 0F00       TEQ              R5,#0
   20 0000001C F840 2B04       STR              R2,[R0],#4
   21 00000020 E7FE    STOP    B                STOP
   22 00000022 6003            STR              R3,[R0]
   23 00000024 000049AB 
                       num     DCD              0x49AB
   24 00000028 00002591 
                       num1    DCD              0x2591
   25 0000002C 00000000 
              00000000         AREA             mydata,DATA,READWRITE
   26 00000000 00000000 
                       Sum     DCD              0
   27 00000004 00000000 
                       Carry   DCD              0
   28 00000008         END
                       
Command Line: --debug --xref --cpu=Cortex-M3 --apcs=interwork --depend=.\object
s\subtract1.d -o.\objects\subtract1.o -IE:\Keil\ARM\RV31\INC -IE:\Keil\ARM\CMSI
S\Include -IE:\Keil\ARM\Inc\NXP\LPC17xx --predefine="__RTX SETA 1" --predefine=
"__EVAL SETA 1" --list=.\listings\subtract1.lst ..\..\Assembly\Project1\subtrac
t1.asm



ARM Macro Assembler    Page 1 Alphabetic symbol ordering
Relocatable symbols

RESET 00000000

Symbol: RESET
   Definitions
      At line 1 in file ..\..\Assembly\Project1\subtract1.asm
   Uses
      None
Comment: RESET unused
__Vectors 00000000

Symbol: __Vectors
   Definitions
      At line 3 in file ..\..\Assembly\Project1\subtract1.asm
   Uses
      At line 2 in file ..\..\Assembly\Project1\subtract1.asm
Comment: __Vectors used once
2 symbols



ARM Macro Assembler    Page 1 Alphabetic symbol ordering
Relocatable symbols

Reset_Handler 00000000

Symbol: Reset_Handler
   Definitions
      At line 10 in file ..\..\Assembly\Project1\subtract1.asm
   Uses
      At line 5 in file ..\..\Assembly\Project1\subtract1.asm
      At line 9 in file ..\..\Assembly\Project1\subtract1.asm

STOP 00000020

Symbol: STOP
   Definitions
      At line 21 in file ..\..\Assembly\Project1\subtract1.asm
   Uses
      At line 21 in file ..\..\Assembly\Project1\subtract1.asm
Comment: STOP used once
mycode 00000000

Symbol: mycode
   Definitions
      At line 7 in file ..\..\Assembly\Project1\subtract1.asm
   Uses
      None
Comment: mycode unused
num 00000024

Symbol: num
   Definitions
      At line 23 in file ..\..\Assembly\Project1\subtract1.asm
   Uses
      At line 11 in file ..\..\Assembly\Project1\subtract1.asm
Comment: num used once
num1 00000028

Symbol: num1
   Definitions
      At line 24 in file ..\..\Assembly\Project1\subtract1.asm
   Uses
      At line 12 in file ..\..\Assembly\Project1\subtract1.asm
Comment: num1 used once
5 symbols



ARM Macro Assembler    Page 1 Alphabetic symbol ordering
Relocatable symbols

Carry 00000004

Symbol: Carry
   Definitions
      At line 27 in file ..\..\Assembly\Project1\subtract1.asm
   Uses
      None
Comment: Carry unused
END 00000008

Symbol: END
   Definitions
      At line 28 in file ..\..\Assembly\Project1\subtract1.asm
   Uses
      None
Comment: END unused
Sum 00000000

Symbol: Sum
   Definitions
      At line 26 in file ..\..\Assembly\Project1\subtract1.asm
   Uses
      None
Comment: Sum unused
mydata 00000000

Symbol: mydata
   Definitions
      At line 25 in file ..\..\Assembly\Project1\subtract1.asm
   Uses
      None
Comment: mydata unused
4 symbols
345 symbols in table
